<?xml version="1.0" encoding="UTF-8"?>
<testsuite name="org.pawfor710.exercise.WallTestSuite" tests="1" skipped="0" failures="0" errors="0" timestamp="2023-07-06T14:16:22" hostname="DESKTOP-3M4V5VE" time="0.055">
  <properties/>
  <testcase name="testFindBlockByMaterial()" classname="org.pawfor710.exercise.WallTestSuite" time="0.055"/>
  <system-out><![CDATA[Steel
Steel
Steel
Steel
Steel
Steel
Steel
Steel
]]></system-out>
  <system-err><![CDATA[]]></system-err>
</testsuite>
